{"C:\\Users\\Javie\\Proyectos\\Ingenieria del Software\\SportHub\\backend\\controllers\\bookingsController.js": {"path":"C:\\Users\\Javie\\Proyectos\\Ingenieria del Software\\SportHub\\backend\\controllers\\bookingsController.js","statementMap":{"0":{"start":{"line":1,"column":21},"end":{"line":1,"column":47}},"1":{"start":{"line":2,"column":14},"end":{"line":2,"column":30}},"2":{"start":{"line":3,"column":29},"end":{"line":3,"column":56}},"3":{"start":{"line":6,"column":21},"end":{"line":6,"column":34}},"4":{"start":{"line":7,"column":16},"end":{"line":7,"column":31}},"5":{"start":{"line":8,"column":36},"end":{"line":13,"column":31}},"6":{"start":{"line":14,"column":2},"end":{"line":14,"column":67}},"7":{"start":{"line":14,"column":13},"end":{"line":14,"column":67}},"8":{"start":{"line":15,"column":2},"end":{"line":15,"column":38}},"9":{"start":{"line":19,"column":20},"end":{"line":19,"column":47}},"10":{"start":{"line":20,"column":2},"end":{"line":20,"column":79}},"11":{"start":{"line":20,"column":18},"end":{"line":20,"column":79}},"12":{"start":{"line":22,"column":56},"end":{"line":22,"column":64}},"13":{"start":{"line":24,"column":2},"end":{"line":68,"column":3}},"14":{"start":{"line":26,"column":53},"end":{"line":30,"column":15}},"15":{"start":{"line":32,"column":4},"end":{"line":34,"column":5}},"16":{"start":{"line":33,"column":6},"end":{"line":33,"column":67}},"17":{"start":{"line":37,"column":22},"end":{"line":37,"column":74}},"18":{"start":{"line":38,"column":20},"end":{"line":38,"column":69}},"19":{"start":{"line":39,"column":26},"end":{"line":39,"column":63}},"20":{"start":{"line":41,"column":4},"end":{"line":43,"column":5}},"21":{"start":{"line":42,"column":6},"end":{"line":42,"column":67}},"22":{"start":{"line":46,"column":24},"end":{"line":46,"column":60}},"23":{"start":{"line":48,"column":20},"end":{"line":53,"column":5}},"24":{"start":{"line":55,"column":28},"end":{"line":55,"column":96}},"25":{"start":{"line":56,"column":4},"end":{"line":63,"column":5}},"26":{"start":{"line":57,"column":18},"end":{"line":57,"column":37}},"27":{"start":{"line":58,"column":20},"end":{"line":58,"column":37}},"28":{"start":{"line":59,"column":6},"end":{"line":61,"column":7}},"29":{"start":{"line":60,"column":8},"end":{"line":60,"column":68}},"30":{"start":{"line":62,"column":6},"end":{"line":62,"column":50}},"31":{"start":{"line":64,"column":4},"end":{"line":64,"column":31}},"32":{"start":{"line":66,"column":4},"end":{"line":66,"column":60}},"33":{"start":{"line":67,"column":4},"end":{"line":67,"column":51}},"34":{"start":{"line":72,"column":20},"end":{"line":72,"column":47}},"35":{"start":{"line":73,"column":20},"end":{"line":73,"column":63}},"36":{"start":{"line":74,"column":19},"end":{"line":74,"column":61}},"37":{"start":{"line":75,"column":14},"end":{"line":75,"column":51}},"38":{"start":{"line":76,"column":2},"end":{"line":86,"column":3}},"39":{"start":{"line":77,"column":4},"end":{"line":77,"column":43}},"40":{"start":{"line":78,"column":9},"end":{"line":86,"column":3}},"41":{"start":{"line":79,"column":42},"end":{"line":79,"column":114}},"42":{"start":{"line":80,"column":4},"end":{"line":80,"column":71}},"43":{"start":{"line":80,"column":16},"end":{"line":80,"column":71}},"44":{"start":{"line":81,"column":16},"end":{"line":81,"column":43}},"45":{"start":{"line":81,"column":38},"end":{"line":81,"column":42}},"46":{"start":{"line":82,"column":4},"end":{"line":82,"column":46}},"47":{"start":{"line":82,"column":26},"end":{"line":82,"column":46}},"48":{"start":{"line":83,"column":4},"end":{"line":83,"column":41}},"49":{"start":{"line":84,"column":9},"end":{"line":86,"column":3}},"50":{"start":{"line":85,"column":4},"end":{"line":85,"column":43}},"51":{"start":{"line":87,"column":26},"end":{"line":87,"column":79}},"52":{"start":{"line":88,"column":2},"end":{"line":88,"column":67}},"53":{"start":{"line":88,"column":13},"end":{"line":88,"column":67}},"54":{"start":{"line":89,"column":2},"end":{"line":89,"column":17}},"55":{"start":{"line":93,"column":20},"end":{"line":93,"column":47}},"56":{"start":{"line":94,"column":2},"end":{"line":94,"column":79}},"57":{"start":{"line":94,"column":18},"end":{"line":94,"column":79}},"58":{"start":{"line":95,"column":26},"end":{"line":101,"column":13}},"59":{"start":{"line":102,"column":2},"end":{"line":102,"column":67}},"60":{"start":{"line":102,"column":13},"end":{"line":102,"column":67}},"61":{"start":{"line":103,"column":2},"end":{"line":103,"column":40}},"62":{"start":{"line":106,"column":0},"end":{"line":106,"column":56}}},"fnMap":{"0":{"name":"availability","decl":{"start":{"line":5,"column":15},"end":{"line":5,"column":27}},"loc":{"start":{"line":5,"column":38},"end":{"line":16,"column":1}},"line":5},"1":{"name":"create","decl":{"start":{"line":18,"column":15},"end":{"line":18,"column":21}},"loc":{"start":{"line":18,"column":32},"end":{"line":69,"column":1}},"line":18},"2":{"name":"list","decl":{"start":{"line":71,"column":15},"end":{"line":71,"column":19}},"loc":{"start":{"line":71,"column":30},"end":{"line":90,"column":1}},"line":71},"3":{"name":"(anonymous_3)","decl":{"start":{"line":81,"column":33},"end":{"line":81,"column":34}},"loc":{"start":{"line":81,"column":38},"end":{"line":81,"column":42}},"line":81},"4":{"name":"cancel","decl":{"start":{"line":92,"column":15},"end":{"line":92,"column":21}},"loc":{"start":{"line":92,"column":32},"end":{"line":104,"column":1}},"line":92}},"branchMap":{"0":{"loc":{"start":{"line":14,"column":2},"end":{"line":14,"column":67}},"type":"if","locations":[{"start":{"line":14,"column":2},"end":{"line":14,"column":67}},{"start":{},"end":{}}],"line":14},"1":{"loc":{"start":{"line":20,"column":2},"end":{"line":20,"column":79}},"type":"if","locations":[{"start":{"line":20,"column":2},"end":{"line":20,"column":79}},{"start":{},"end":{}}],"line":20},"2":{"loc":{"start":{"line":32,"column":4},"end":{"line":34,"column":5}},"type":"if","locations":[{"start":{"line":32,"column":4},"end":{"line":34,"column":5}},{"start":{},"end":{}}],"line":32},"3":{"loc":{"start":{"line":32,"column":8},"end":{"line":32,"column":34}},"type":"binary-expr","locations":[{"start":{"line":32,"column":8},"end":{"line":32,"column":21}},{"start":{"line":32,"column":25},"end":{"line":32,"column":34}}],"line":32},"4":{"loc":{"start":{"line":41,"column":4},"end":{"line":43,"column":5}},"type":"if","locations":[{"start":{"line":41,"column":4},"end":{"line":43,"column":5}},{"start":{},"end":{}}],"line":41},"5":{"loc":{"start":{"line":56,"column":4},"end":{"line":63,"column":5}},"type":"if","locations":[{"start":{"line":56,"column":4},"end":{"line":63,"column":5}},{"start":{},"end":{}}],"line":56},"6":{"loc":{"start":{"line":57,"column":18},"end":{"line":57,"column":37}},"type":"binary-expr","locations":[{"start":{"line":57,"column":18},"end":{"line":57,"column":31}},{"start":{"line":57,"column":35},"end":{"line":57,"column":37}}],"line":57},"7":{"loc":{"start":{"line":59,"column":6},"end":{"line":61,"column":7}},"type":"if","locations":[{"start":{"line":59,"column":6},"end":{"line":61,"column":7}},{"start":{},"end":{}}],"line":59},"8":{"loc":{"start":{"line":59,"column":10},"end":{"line":59,"column":69}},"type":"binary-expr","locations":[{"start":{"line":59,"column":10},"end":{"line":59,"column":41}},{"start":{"line":59,"column":45},"end":{"line":59,"column":69}}],"line":59},"9":{"loc":{"start":{"line":73,"column":20},"end":{"line":73,"column":63}},"type":"cond-expr","locations":[{"start":{"line":73,"column":32},"end":{"line":73,"column":51}},{"start":{"line":73,"column":54},"end":{"line":73,"column":63}}],"line":73},"10":{"loc":{"start":{"line":74,"column":19},"end":{"line":74,"column":61}},"type":"cond-expr","locations":[{"start":{"line":74,"column":31},"end":{"line":74,"column":49}},{"start":{"line":74,"column":52},"end":{"line":74,"column":61}}],"line":74},"11":{"loc":{"start":{"line":76,"column":2},"end":{"line":86,"column":3}},"type":"if","locations":[{"start":{"line":76,"column":2},"end":{"line":86,"column":3}},{"start":{"line":78,"column":9},"end":{"line":86,"column":3}}],"line":76},"12":{"loc":{"start":{"line":78,"column":9},"end":{"line":86,"column":3}},"type":"if","locations":[{"start":{"line":78,"column":9},"end":{"line":86,"column":3}},{"start":{"line":84,"column":9},"end":{"line":86,"column":3}}],"line":78},"13":{"loc":{"start":{"line":80,"column":4},"end":{"line":80,"column":71}},"type":"if","locations":[{"start":{"line":80,"column":4},"end":{"line":80,"column":71}},{"start":{},"end":{}}],"line":80},"14":{"loc":{"start":{"line":81,"column":17},"end":{"line":81,"column":27}},"type":"binary-expr","locations":[{"start":{"line":81,"column":17},"end":{"line":81,"column":21}},{"start":{"line":81,"column":25},"end":{"line":81,"column":27}}],"line":81},"15":{"loc":{"start":{"line":82,"column":4},"end":{"line":82,"column":46}},"type":"if","locations":[{"start":{"line":82,"column":4},"end":{"line":82,"column":46}},{"start":{},"end":{}}],"line":82},"16":{"loc":{"start":{"line":84,"column":9},"end":{"line":86,"column":3}},"type":"if","locations":[{"start":{"line":84,"column":9},"end":{"line":86,"column":3}},{"start":{},"end":{}}],"line":84},"17":{"loc":{"start":{"line":88,"column":2},"end":{"line":88,"column":67}},"type":"if","locations":[{"start":{"line":88,"column":2},"end":{"line":88,"column":67}},{"start":{},"end":{}}],"line":88},"18":{"loc":{"start":{"line":94,"column":2},"end":{"line":94,"column":79}},"type":"if","locations":[{"start":{"line":94,"column":2},"end":{"line":94,"column":79}},{"start":{},"end":{}}],"line":94},"19":{"loc":{"start":{"line":102,"column":2},"end":{"line":102,"column":67}},"type":"if","locations":[{"start":{"line":102,"column":2},"end":{"line":102,"column":67}},{"start":{},"end":{}}],"line":102}},"s":{"0":4,"1":4,"2":4,"3":0,"4":0,"5":0,"6":0,"7":0,"8":0,"9":2,"10":2,"11":1,"12":1,"13":1,"14":1,"15":0,"16":0,"17":0,"18":0,"19":0,"20":0,"21":0,"22":0,"23":0,"24":0,"25":0,"26":0,"27":0,"28":0,"29":0,"30":0,"31":0,"32":1,"33":1,"34":0,"35":0,"36":0,"37":0,"38":0,"39":0,"40":0,"41":0,"42":0,"43":0,"44":0,"45":0,"46":0,"47":0,"48":0,"49":0,"50":0,"51":0,"52":0,"53":0,"54":0,"55":2,"56":2,"57":1,"58":1,"59":1,"60":0,"61":1,"62":4},"f":{"0":0,"1":2,"2":0,"3":0,"4":2},"b":{"0":[0,0],"1":[1,1],"2":[0,0],"3":[0,0],"4":[0,0],"5":[0,0],"6":[0,0],"7":[0,0],"8":[0,0],"9":[0,0],"10":[0,0],"11":[0,0],"12":[0,0],"13":[0,0],"14":[0,0],"15":[0,0],"16":[0,0],"17":[0,0],"18":[1,1],"19":[0,1]},"_coverageSchema":"1a1c01bbd47fc00a2c39e90264f33305004495a9","hash":"9a4af3310754326d0277ba1c56ffb714cfe83ed1"}
,"C:\\Users\\Javie\\Proyectos\\Ingenieria del Software\\SportHub\\backend\\src\\auth.js": {"path":"C:\\Users\\Javie\\Proyectos\\Ingenieria del Software\\SportHub\\backend\\src\\auth.js","statementMap":{"0":{"start":{"line":1,"column":20},"end":{"line":1,"column":42}},"1":{"start":{"line":2,"column":21},"end":{"line":2,"column":42}},"2":{"start":{"line":6,"column":2},"end":{"line":58,"column":3}},"3":{"start":{"line":7,"column":23},"end":{"line":7,"column":48}},"4":{"start":{"line":8,"column":4},"end":{"line":8,"column":76}},"5":{"start":{"line":9,"column":4},"end":{"line":9,"column":58}},"6":{"start":{"line":10,"column":4},"end":{"line":10,"column":51}},"7":{"start":{"line":12,"column":4},"end":{"line":15,"column":5}},"8":{"start":{"line":13,"column":6},"end":{"line":13,"column":75}},"9":{"start":{"line":14,"column":6},"end":{"line":14,"column":66}},"10":{"start":{"line":17,"column":18},"end":{"line":17,"column":41}},"11":{"start":{"line":18,"column":4},"end":{"line":18,"column":61}},"12":{"start":{"line":21,"column":38},"end":{"line":21,"column":72}},"13":{"start":{"line":23,"column":4},"end":{"line":26,"column":5}},"14":{"start":{"line":24,"column":6},"end":{"line":24,"column":69}},"15":{"start":{"line":25,"column":6},"end":{"line":25,"column":62}},"16":{"start":{"line":28,"column":4},"end":{"line":28,"column":58}},"17":{"start":{"line":31,"column":4},"end":{"line":37,"column":6}},"18":{"start":{"line":40,"column":30},"end":{"line":44,"column":15}},"19":{"start":{"line":46,"column":4},"end":{"line":52,"column":5}},"20":{"start":{"line":47,"column":6},"end":{"line":47,"column":33}},"21":{"start":{"line":48,"column":6},"end":{"line":48,"column":42}},"22":{"start":{"line":49,"column":6},"end":{"line":49,"column":90}},"23":{"start":{"line":51,"column":6},"end":{"line":51,"column":75}},"24":{"start":{"line":54,"column":4},"end":{"line":54,"column":11}},"25":{"start":{"line":56,"column":4},"end":{"line":56,"column":51}},"26":{"start":{"line":57,"column":4},"end":{"line":57,"column":72}},"27":{"start":{"line":63,"column":15},"end":{"line":63,"column":64}},"28":{"start":{"line":64,"column":2},"end":{"line":64,"column":26}},"29":{"start":{"line":69,"column":2},"end":{"line":80,"column":4}},"30":{"start":{"line":70,"column":17},"end":{"line":70,"column":38}},"31":{"start":{"line":71,"column":4},"end":{"line":71,"column":97}},"32":{"start":{"line":73,"column":4},"end":{"line":76,"column":5}},"33":{"start":{"line":74,"column":6},"end":{"line":74,"column":91}},"34":{"start":{"line":75,"column":6},"end":{"line":75,"column":66}},"35":{"start":{"line":78,"column":4},"end":{"line":78,"column":64}},"36":{"start":{"line":79,"column":4},"end":{"line":79,"column":11}},"37":{"start":{"line":83,"column":0},"end":{"line":83,"column":61}}},"fnMap":{"0":{"name":"checkJwt","decl":{"start":{"line":5,"column":15},"end":{"line":5,"column":23}},"loc":{"start":{"line":5,"column":40},"end":{"line":59,"column":1}},"line":5},"1":{"name":"getRoleFromToken","decl":{"start":{"line":62,"column":9},"end":{"line":62,"column":25}},"loc":{"start":{"line":62,"column":31},"end":{"line":65,"column":1}},"line":62},"2":{"name":"requireRole","decl":{"start":{"line":68,"column":9},"end":{"line":68,"column":20}},"loc":{"start":{"line":68,"column":31},"end":{"line":81,"column":1}},"line":68},"3":{"name":"(anonymous_3)","decl":{"start":{"line":69,"column":9},"end":{"line":69,"column":10}},"loc":{"start":{"line":69,"column":29},"end":{"line":80,"column":3}},"line":69}},"branchMap":{"0":{"loc":{"start":{"line":12,"column":4},"end":{"line":15,"column":5}},"type":"if","locations":[{"start":{"line":12,"column":4},"end":{"line":15,"column":5}},{"start":{},"end":{}}],"line":12},"1":{"loc":{"start":{"line":12,"column":8},"end":{"line":12,"column":56}},"type":"binary-expr","locations":[{"start":{"line":12,"column":8},"end":{"line":12,"column":19}},{"start":{"line":12,"column":23},"end":{"line":12,"column":56}}],"line":12},"2":{"loc":{"start":{"line":23,"column":4},"end":{"line":26,"column":5}},"type":"if","locations":[{"start":{"line":23,"column":4},"end":{"line":26,"column":5}},{"start":{},"end":{}}],"line":23},"3":{"loc":{"start":{"line":23,"column":8},"end":{"line":23,"column":22}},"type":"binary-expr","locations":[{"start":{"line":23,"column":8},"end":{"line":23,"column":13}},{"start":{"line":23,"column":17},"end":{"line":23,"column":22}}],"line":23},"4":{"loc":{"start":{"line":46,"column":4},"end":{"line":52,"column":5}},"type":"if","locations":[{"start":{"line":46,"column":4},"end":{"line":52,"column":5}},{"start":{"line":50,"column":11},"end":{"line":52,"column":5}}],"line":46},"5":{"loc":{"start":{"line":63,"column":15},"end":{"line":63,"column":64}},"type":"binary-expr","locations":[{"start":{"line":63,"column":15},"end":{"line":63,"column":37}},{"start":{"line":63,"column":41},"end":{"line":63,"column":64}}],"line":63},"6":{"loc":{"start":{"line":64,"column":9},"end":{"line":64,"column":25}},"type":"binary-expr","locations":[{"start":{"line":64,"column":9},"end":{"line":64,"column":13}},{"start":{"line":64,"column":17},"end":{"line":64,"column":25}}],"line":64},"7":{"loc":{"start":{"line":73,"column":4},"end":{"line":76,"column":5}},"type":"if","locations":[{"start":{"line":73,"column":4},"end":{"line":76,"column":5}},{"start":{},"end":{}}],"line":73}},"s":{"0":1,"1":1,"2":0,"3":0,"4":0,"5":0,"6":0,"7":0,"8":0,"9":0,"10":0,"11":0,"12":0,"13":0,"14":0,"15":0,"16":0,"17":0,"18":0,"19":0,"20":0,"21":0,"22":0,"23":0,"24":0,"25":0,"26":0,"27":2,"28":2,"29":2,"30":2,"31":2,"32":2,"33":1,"34":1,"35":1,"36":1,"37":1},"f":{"0":0,"1":2,"2":2,"3":2},"b":{"0":[0,0],"1":[0,0],"2":[0,0],"3":[0,0],"4":[0,0],"5":[2,0],"6":[2,0],"7":[1,1]},"_coverageSchema":"1a1c01bbd47fc00a2c39e90264f33305004495a9","hash":"91bd8681472764ec48773702914ff659d4277f66"}
,"C:\\Users\\Javie\\Proyectos\\Ingenieria del Software\\SportHub\\backend\\src\\supabase.js": {"path":"C:\\Users\\Javie\\Proyectos\\Ingenieria del Software\\SportHub\\backend\\src\\supabase.js","statementMap":{"0":{"start":{"line":1,"column":25},"end":{"line":1,"column":57}},"1":{"start":{"line":2,"column":0},"end":{"line":2,"column":27}},"2":{"start":{"line":4,"column":21},"end":{"line":4,"column":45}},"3":{"start":{"line":5,"column":26},"end":{"line":5,"column":55}},"4":{"start":{"line":6,"column":34},"end":{"line":6,"column":71}},"5":{"start":{"line":8,"column":0},"end":{"line":10,"column":1}},"6":{"start":{"line":9,"column":2},"end":{"line":9,"column":86}},"7":{"start":{"line":12,"column":17},"end":{"line":14,"column":2}},"8":{"start":{"line":16,"column":22},"end":{"line":20,"column":8}},"9":{"start":{"line":22,"column":0},"end":{"line":22,"column":45}}},"fnMap":{},"branchMap":{"0":{"loc":{"start":{"line":8,"column":0},"end":{"line":10,"column":1}},"type":"if","locations":[{"start":{"line":8,"column":0},"end":{"line":10,"column":1}},{"start":{},"end":{}}],"line":8},"1":{"loc":{"start":{"line":8,"column":4},"end":{"line":8,"column":39}},"type":"binary-expr","locations":[{"start":{"line":8,"column":4},"end":{"line":8,"column":17}},{"start":{"line":8,"column":21},"end":{"line":8,"column":39}}],"line":8},"2":{"loc":{"start":{"line":16,"column":22},"end":{"line":20,"column":8}},"type":"cond-expr","locations":[{"start":{"line":17,"column":4},"end":{"line":19,"column":6}},{"start":{"line":20,"column":4},"end":{"line":20,"column":8}}],"line":16}},"s":{"0":2,"1":2,"2":2,"3":2,"4":2,"5":2,"6":0,"7":2,"8":2,"9":2},"f":{},"b":{"0":[0,2],"1":[2,2],"2":[2,0]},"_coverageSchema":"1a1c01bbd47fc00a2c39e90264f33305004495a9","hash":"92caee0f0eb65402911be53cbff22cfe49971174"}
,"C:\\Users\\Javie\\Proyectos\\Ingenieria del Software\\SportHub\\backend\\src\\validator.js": {"path":"C:\\Users\\Javie\\Proyectos\\Ingenieria del Software\\SportHub\\backend\\src\\validator.js","statementMap":{"0":{"start":{"line":2,"column":2},"end":{"line":9,"column":4}},"1":{"start":{"line":3,"column":19},"end":{"line":3,"column":48}},"2":{"start":{"line":4,"column":4},"end":{"line":6,"column":5}},"3":{"start":{"line":5,"column":6},"end":{"line":5,"column":98}},"4":{"start":{"line":7,"column":4},"end":{"line":7,"column":30}},"5":{"start":{"line":8,"column":4},"end":{"line":8,"column":11}},"6":{"start":{"line":12,"column":0},"end":{"line":12,"column":30}}},"fnMap":{"0":{"name":"validate","decl":{"start":{"line":1,"column":9},"end":{"line":1,"column":17}},"loc":{"start":{"line":1,"column":43},"end":{"line":10,"column":1}},"line":1},"1":{"name":"(anonymous_1)","decl":{"start":{"line":2,"column":9},"end":{"line":2,"column":10}},"loc":{"start":{"line":2,"column":29},"end":{"line":9,"column":3}},"line":2}},"branchMap":{"0":{"loc":{"start":{"line":1,"column":26},"end":{"line":1,"column":41}},"type":"default-arg","locations":[{"start":{"line":1,"column":35},"end":{"line":1,"column":41}}],"line":1},"1":{"loc":{"start":{"line":4,"column":4},"end":{"line":6,"column":5}},"type":"if","locations":[{"start":{"line":4,"column":4},"end":{"line":6,"column":5}},{"start":{},"end":{}}],"line":4}},"s":{"0":2,"1":2,"2":2,"3":1,"4":1,"5":1,"6":1},"f":{"0":2,"1":2},"b":{"0":[2],"1":[1,1]},"_coverageSchema":"1a1c01bbd47fc00a2c39e90264f33305004495a9","hash":"e32ecfcc0f6d530aba1dd8c5c22aa65c6e0a43e8"}
,"C:\\Users\\Javie\\Proyectos\\Ingenieria del Software\\SportHub\\backend\\utils\\user.js": {"path":"C:\\Users\\Javie\\Proyectos\\Ingenieria del Software\\SportHub\\backend\\utils\\user.js","statementMap":{"0":{"start":{"line":3,"column":18},"end":{"line":3,"column":36}},"1":{"start":{"line":4,"column":18},"end":{"line":4,"column":36}},"2":{"start":{"line":5,"column":2},"end":{"line":5,"column":51}},"3":{"start":{"line":11,"column":17},"end":{"line":11,"column":63}},"4":{"start":{"line":13,"column":2},"end":{"line":13,"column":27}},"5":{"start":{"line":13,"column":15},"end":{"line":13,"column":27}},"6":{"start":{"line":16,"column":20},"end":{"line":16,"column":100}},"7":{"start":{"line":17,"column":2},"end":{"line":19,"column":3}},"8":{"start":{"line":18,"column":4},"end":{"line":18,"column":18}},"9":{"start":{"line":21,"column":2},"end":{"line":21,"column":14}},"10":{"start":{"line":24,"column":0},"end":{"line":24,"column":60}}},"fnMap":{"0":{"name":"getRoleFromTokenSafe","decl":{"start":{"line":2,"column":9},"end":{"line":2,"column":29}},"loc":{"start":{"line":2,"column":35},"end":{"line":6,"column":1}},"line":2},"1":{"name":"getUserProfileId","decl":{"start":{"line":9,"column":15},"end":{"line":9,"column":31}},"loc":{"start":{"line":9,"column":37},"end":{"line":22,"column":1}},"line":9}},"branchMap":{"0":{"loc":{"start":{"line":5,"column":9},"end":{"line":5,"column":50}},"type":"binary-expr","locations":[{"start":{"line":5,"column":9},"end":{"line":5,"column":21}},{"start":{"line":5,"column":25},"end":{"line":5,"column":38}},{"start":{"line":5,"column":42},"end":{"line":5,"column":50}}],"line":5},"1":{"loc":{"start":{"line":11,"column":17},"end":{"line":11,"column":63}},"type":"binary-expr","locations":[{"start":{"line":11,"column":17},"end":{"line":11,"column":36}},{"start":{"line":11,"column":40},"end":{"line":11,"column":63}}],"line":11},"2":{"loc":{"start":{"line":13,"column":2},"end":{"line":13,"column":27}},"type":"if","locations":[{"start":{"line":13,"column":2},"end":{"line":13,"column":27}},{"start":{},"end":{}}],"line":13},"3":{"loc":{"start":{"line":17,"column":2},"end":{"line":19,"column":3}},"type":"if","locations":[{"start":{"line":17,"column":2},"end":{"line":19,"column":3}},{"start":{},"end":{}}],"line":17}},"s":{"0":0,"1":0,"2":0,"3":1,"4":1,"5":1,"6":0,"7":0,"8":0,"9":0,"10":1},"f":{"0":0,"1":1},"b":{"0":[0,0,0],"1":[1,1],"2":[1,0],"3":[0,0]},"_coverageSchema":"1a1c01bbd47fc00a2c39e90264f33305004495a9","hash":"14d77dd3536d7ed09661137f5c6d6ffa81b1e4b3"}
}
