{"C:\\Users\\javie_ecnbd8s\\Proyectos\\Ingenieria del Software\\sport-hub\\backend\\controllers\\bookingsController.js": {"path":"C:\\Users\\javie_ecnbd8s\\Proyectos\\Ingenieria del Software\\sport-hub\\backend\\controllers\\bookingsController.js","statementMap":{"0":{"start":{"line":1,"column":21},"end":{"line":1,"column":47}},"1":{"start":{"line":2,"column":14},"end":{"line":2,"column":30}},"2":{"start":{"line":3,"column":29},"end":{"line":3,"column":56}},"3":{"start":{"line":6,"column":21},"end":{"line":6,"column":34}},"4":{"start":{"line":7,"column":16},"end":{"line":7,"column":31}},"5":{"start":{"line":8,"column":36},"end":{"line":13,"column":31}},"6":{"start":{"line":14,"column":2},"end":{"line":14,"column":67}},"7":{"start":{"line":14,"column":13},"end":{"line":14,"column":67}},"8":{"start":{"line":15,"column":2},"end":{"line":15,"column":38}},"9":{"start":{"line":19,"column":20},"end":{"line":19,"column":47}},"10":{"start":{"line":20,"column":2},"end":{"line":20,"column":79}},"11":{"start":{"line":20,"column":18},"end":{"line":20,"column":79}},"12":{"start":{"line":21,"column":18},"end":{"line":21,"column":53}},"13":{"start":{"line":22,"column":26},"end":{"line":22,"column":94}},"14":{"start":{"line":23,"column":2},"end":{"line":30,"column":3}},"15":{"start":{"line":24,"column":16},"end":{"line":24,"column":35}},"16":{"start":{"line":25,"column":18},"end":{"line":25,"column":35}},"17":{"start":{"line":26,"column":4},"end":{"line":28,"column":5}},"18":{"start":{"line":27,"column":6},"end":{"line":27,"column":66}},"19":{"start":{"line":29,"column":4},"end":{"line":29,"column":48}},"20":{"start":{"line":31,"column":2},"end":{"line":31,"column":29}},"21":{"start":{"line":35,"column":20},"end":{"line":35,"column":47}},"22":{"start":{"line":36,"column":20},"end":{"line":36,"column":63}},"23":{"start":{"line":37,"column":19},"end":{"line":37,"column":61}},"24":{"start":{"line":38,"column":14},"end":{"line":38,"column":51}},"25":{"start":{"line":39,"column":2},"end":{"line":49,"column":3}},"26":{"start":{"line":40,"column":4},"end":{"line":40,"column":43}},"27":{"start":{"line":41,"column":9},"end":{"line":49,"column":3}},"28":{"start":{"line":42,"column":42},"end":{"line":42,"column":114}},"29":{"start":{"line":43,"column":4},"end":{"line":43,"column":71}},"30":{"start":{"line":43,"column":16},"end":{"line":43,"column":71}},"31":{"start":{"line":44,"column":16},"end":{"line":44,"column":43}},"32":{"start":{"line":44,"column":38},"end":{"line":44,"column":42}},"33":{"start":{"line":45,"column":4},"end":{"line":45,"column":46}},"34":{"start":{"line":45,"column":26},"end":{"line":45,"column":46}},"35":{"start":{"line":46,"column":4},"end":{"line":46,"column":41}},"36":{"start":{"line":47,"column":9},"end":{"line":49,"column":3}},"37":{"start":{"line":48,"column":4},"end":{"line":48,"column":43}},"38":{"start":{"line":50,"column":26},"end":{"line":50,"column":79}},"39":{"start":{"line":51,"column":2},"end":{"line":51,"column":67}},"40":{"start":{"line":51,"column":13},"end":{"line":51,"column":67}},"41":{"start":{"line":52,"column":2},"end":{"line":52,"column":17}},"42":{"start":{"line":56,"column":20},"end":{"line":56,"column":47}},"43":{"start":{"line":57,"column":2},"end":{"line":57,"column":79}},"44":{"start":{"line":57,"column":18},"end":{"line":57,"column":79}},"45":{"start":{"line":58,"column":26},"end":{"line":64,"column":13}},"46":{"start":{"line":65,"column":2},"end":{"line":65,"column":67}},"47":{"start":{"line":65,"column":13},"end":{"line":65,"column":67}},"48":{"start":{"line":66,"column":2},"end":{"line":66,"column":17}},"49":{"start":{"line":69,"column":0},"end":{"line":69,"column":56}}},"fnMap":{"0":{"name":"availability","decl":{"start":{"line":5,"column":15},"end":{"line":5,"column":27}},"loc":{"start":{"line":5,"column":38},"end":{"line":16,"column":1}},"line":5},"1":{"name":"create","decl":{"start":{"line":18,"column":15},"end":{"line":18,"column":21}},"loc":{"start":{"line":18,"column":32},"end":{"line":32,"column":1}},"line":18},"2":{"name":"list","decl":{"start":{"line":34,"column":15},"end":{"line":34,"column":19}},"loc":{"start":{"line":34,"column":30},"end":{"line":53,"column":1}},"line":34},"3":{"name":"(anonymous_3)","decl":{"start":{"line":44,"column":33},"end":{"line":44,"column":34}},"loc":{"start":{"line":44,"column":38},"end":{"line":44,"column":42}},"line":44},"4":{"name":"cancel","decl":{"start":{"line":55,"column":15},"end":{"line":55,"column":21}},"loc":{"start":{"line":55,"column":32},"end":{"line":67,"column":1}},"line":55}},"branchMap":{"0":{"loc":{"start":{"line":14,"column":2},"end":{"line":14,"column":67}},"type":"if","locations":[{"start":{"line":14,"column":2},"end":{"line":14,"column":67}},{"start":{},"end":{}}],"line":14},"1":{"loc":{"start":{"line":20,"column":2},"end":{"line":20,"column":79}},"type":"if","locations":[{"start":{"line":20,"column":2},"end":{"line":20,"column":79}},{"start":{},"end":{}}],"line":20},"2":{"loc":{"start":{"line":23,"column":2},"end":{"line":30,"column":3}},"type":"if","locations":[{"start":{"line":23,"column":2},"end":{"line":30,"column":3}},{"start":{},"end":{}}],"line":23},"3":{"loc":{"start":{"line":24,"column":16},"end":{"line":24,"column":35}},"type":"binary-expr","locations":[{"start":{"line":24,"column":16},"end":{"line":24,"column":29}},{"start":{"line":24,"column":33},"end":{"line":24,"column":35}}],"line":24},"4":{"loc":{"start":{"line":26,"column":4},"end":{"line":28,"column":5}},"type":"if","locations":[{"start":{"line":26,"column":4},"end":{"line":28,"column":5}},{"start":{},"end":{}}],"line":26},"5":{"loc":{"start":{"line":26,"column":8},"end":{"line":26,"column":67}},"type":"binary-expr","locations":[{"start":{"line":26,"column":8},"end":{"line":26,"column":39}},{"start":{"line":26,"column":43},"end":{"line":26,"column":67}}],"line":26},"6":{"loc":{"start":{"line":36,"column":20},"end":{"line":36,"column":63}},"type":"cond-expr","locations":[{"start":{"line":36,"column":32},"end":{"line":36,"column":51}},{"start":{"line":36,"column":54},"end":{"line":36,"column":63}}],"line":36},"7":{"loc":{"start":{"line":37,"column":19},"end":{"line":37,"column":61}},"type":"cond-expr","locations":[{"start":{"line":37,"column":31},"end":{"line":37,"column":49}},{"start":{"line":37,"column":52},"end":{"line":37,"column":61}}],"line":37},"8":{"loc":{"start":{"line":39,"column":2},"end":{"line":49,"column":3}},"type":"if","locations":[{"start":{"line":39,"column":2},"end":{"line":49,"column":3}},{"start":{"line":41,"column":9},"end":{"line":49,"column":3}}],"line":39},"9":{"loc":{"start":{"line":41,"column":9},"end":{"line":49,"column":3}},"type":"if","locations":[{"start":{"line":41,"column":9},"end":{"line":49,"column":3}},{"start":{"line":47,"column":9},"end":{"line":49,"column":3}}],"line":41},"10":{"loc":{"start":{"line":43,"column":4},"end":{"line":43,"column":71}},"type":"if","locations":[{"start":{"line":43,"column":4},"end":{"line":43,"column":71}},{"start":{},"end":{}}],"line":43},"11":{"loc":{"start":{"line":44,"column":17},"end":{"line":44,"column":27}},"type":"binary-expr","locations":[{"start":{"line":44,"column":17},"end":{"line":44,"column":21}},{"start":{"line":44,"column":25},"end":{"line":44,"column":27}}],"line":44},"12":{"loc":{"start":{"line":45,"column":4},"end":{"line":45,"column":46}},"type":"if","locations":[{"start":{"line":45,"column":4},"end":{"line":45,"column":46}},{"start":{},"end":{}}],"line":45},"13":{"loc":{"start":{"line":47,"column":9},"end":{"line":49,"column":3}},"type":"if","locations":[{"start":{"line":47,"column":9},"end":{"line":49,"column":3}},{"start":{},"end":{}}],"line":47},"14":{"loc":{"start":{"line":51,"column":2},"end":{"line":51,"column":67}},"type":"if","locations":[{"start":{"line":51,"column":2},"end":{"line":51,"column":67}},{"start":{},"end":{}}],"line":51},"15":{"loc":{"start":{"line":57,"column":2},"end":{"line":57,"column":79}},"type":"if","locations":[{"start":{"line":57,"column":2},"end":{"line":57,"column":79}},{"start":{},"end":{}}],"line":57},"16":{"loc":{"start":{"line":65,"column":2},"end":{"line":65,"column":67}},"type":"if","locations":[{"start":{"line":65,"column":2},"end":{"line":65,"column":67}},{"start":{},"end":{}}],"line":65}},"s":{"0":4,"1":4,"2":4,"3":0,"4":0,"5":0,"6":0,"7":0,"8":0,"9":2,"10":2,"11":1,"12":1,"13":1,"14":1,"15":0,"16":0,"17":0,"18":0,"19":0,"20":1,"21":0,"22":0,"23":0,"24":0,"25":0,"26":0,"27":0,"28":0,"29":0,"30":0,"31":0,"32":0,"33":0,"34":0,"35":0,"36":0,"37":0,"38":0,"39":0,"40":0,"41":0,"42":2,"43":2,"44":1,"45":1,"46":1,"47":0,"48":1,"49":4},"f":{"0":0,"1":2,"2":0,"3":0,"4":2},"b":{"0":[0,0],"1":[1,1],"2":[0,1],"3":[0,0],"4":[0,0],"5":[0,0],"6":[0,0],"7":[0,0],"8":[0,0],"9":[0,0],"10":[0,0],"11":[0,0],"12":[0,0],"13":[0,0],"14":[0,0],"15":[1,1],"16":[0,1]},"_coverageSchema":"1a1c01bbd47fc00a2c39e90264f33305004495a9","hash":"0df0a48a205bac1336abf7f93100c57b1a7c7f33"}
,"C:\\Users\\javie_ecnbd8s\\Proyectos\\Ingenieria del Software\\sport-hub\\backend\\src\\auth.js": {"path":"C:\\Users\\javie_ecnbd8s\\Proyectos\\Ingenieria del Software\\sport-hub\\backend\\src\\auth.js","statementMap":{"0":{"start":{"line":1,"column":20},"end":{"line":1,"column":42}},"1":{"start":{"line":2,"column":21},"end":{"line":2,"column":42}},"2":{"start":{"line":6,"column":2},"end":{"line":45,"column":3}},"3":{"start":{"line":7,"column":23},"end":{"line":7,"column":48}},"4":{"start":{"line":8,"column":4},"end":{"line":10,"column":5}},"5":{"start":{"line":9,"column":6},"end":{"line":9,"column":57}},"6":{"start":{"line":12,"column":18},"end":{"line":12,"column":41}},"7":{"start":{"line":15,"column":38},"end":{"line":15,"column":72}},"8":{"start":{"line":17,"column":4},"end":{"line":19,"column":5}},"9":{"start":{"line":18,"column":6},"end":{"line":18,"column":53}},"10":{"start":{"line":22,"column":4},"end":{"line":28,"column":6}},"11":{"start":{"line":31,"column":30},"end":{"line":35,"column":15}},"12":{"start":{"line":37,"column":4},"end":{"line":40,"column":5}},"13":{"start":{"line":38,"column":6},"end":{"line":38,"column":33}},"14":{"start":{"line":39,"column":6},"end":{"line":39,"column":42}},"15":{"start":{"line":42,"column":4},"end":{"line":42,"column":11}},"16":{"start":{"line":44,"column":4},"end":{"line":44,"column":63}},"17":{"start":{"line":50,"column":15},"end":{"line":50,"column":64}},"18":{"start":{"line":51,"column":2},"end":{"line":51,"column":26}},"19":{"start":{"line":56,"column":2},"end":{"line":62,"column":4}},"20":{"start":{"line":57,"column":17},"end":{"line":57,"column":38}},"21":{"start":{"line":58,"column":4},"end":{"line":60,"column":5}},"22":{"start":{"line":59,"column":6},"end":{"line":59,"column":57}},"23":{"start":{"line":61,"column":4},"end":{"line":61,"column":11}},"24":{"start":{"line":65,"column":0},"end":{"line":65,"column":61}}},"fnMap":{"0":{"name":"checkJwt","decl":{"start":{"line":5,"column":15},"end":{"line":5,"column":23}},"loc":{"start":{"line":5,"column":40},"end":{"line":46,"column":1}},"line":5},"1":{"name":"getRoleFromToken","decl":{"start":{"line":49,"column":9},"end":{"line":49,"column":25}},"loc":{"start":{"line":49,"column":31},"end":{"line":52,"column":1}},"line":49},"2":{"name":"requireRole","decl":{"start":{"line":55,"column":9},"end":{"line":55,"column":20}},"loc":{"start":{"line":55,"column":31},"end":{"line":63,"column":1}},"line":55},"3":{"name":"(anonymous_3)","decl":{"start":{"line":56,"column":9},"end":{"line":56,"column":10}},"loc":{"start":{"line":56,"column":29},"end":{"line":62,"column":3}},"line":56}},"branchMap":{"0":{"loc":{"start":{"line":8,"column":4},"end":{"line":10,"column":5}},"type":"if","locations":[{"start":{"line":8,"column":4},"end":{"line":10,"column":5}},{"start":{},"end":{}}],"line":8},"1":{"loc":{"start":{"line":8,"column":8},"end":{"line":8,"column":56}},"type":"binary-expr","locations":[{"start":{"line":8,"column":8},"end":{"line":8,"column":19}},{"start":{"line":8,"column":23},"end":{"line":8,"column":56}}],"line":8},"2":{"loc":{"start":{"line":17,"column":4},"end":{"line":19,"column":5}},"type":"if","locations":[{"start":{"line":17,"column":4},"end":{"line":19,"column":5}},{"start":{},"end":{}}],"line":17},"3":{"loc":{"start":{"line":17,"column":8},"end":{"line":17,"column":22}},"type":"binary-expr","locations":[{"start":{"line":17,"column":8},"end":{"line":17,"column":13}},{"start":{"line":17,"column":17},"end":{"line":17,"column":22}}],"line":17},"4":{"loc":{"start":{"line":37,"column":4},"end":{"line":40,"column":5}},"type":"if","locations":[{"start":{"line":37,"column":4},"end":{"line":40,"column":5}},{"start":{},"end":{}}],"line":37},"5":{"loc":{"start":{"line":50,"column":15},"end":{"line":50,"column":64}},"type":"binary-expr","locations":[{"start":{"line":50,"column":15},"end":{"line":50,"column":37}},{"start":{"line":50,"column":41},"end":{"line":50,"column":64}}],"line":50},"6":{"loc":{"start":{"line":51,"column":9},"end":{"line":51,"column":25}},"type":"binary-expr","locations":[{"start":{"line":51,"column":9},"end":{"line":51,"column":13}},{"start":{"line":51,"column":17},"end":{"line":51,"column":25}}],"line":51},"7":{"loc":{"start":{"line":58,"column":4},"end":{"line":60,"column":5}},"type":"if","locations":[{"start":{"line":58,"column":4},"end":{"line":60,"column":5}},{"start":{},"end":{}}],"line":58}},"s":{"0":1,"1":1,"2":0,"3":0,"4":0,"5":0,"6":0,"7":0,"8":0,"9":0,"10":0,"11":0,"12":0,"13":0,"14":0,"15":0,"16":0,"17":2,"18":2,"19":2,"20":2,"21":2,"22":1,"23":1,"24":1},"f":{"0":0,"1":2,"2":2,"3":2},"b":{"0":[0,0],"1":[0,0],"2":[0,0],"3":[0,0],"4":[0,0],"5":[2,0],"6":[2,0],"7":[1,1]},"_coverageSchema":"1a1c01bbd47fc00a2c39e90264f33305004495a9","hash":"39bbdae8d84f9385626b8b1403e07e486f0f9966"}
,"C:\\Users\\javie_ecnbd8s\\Proyectos\\Ingenieria del Software\\sport-hub\\backend\\src\\supabase.js": {"path":"C:\\Users\\javie_ecnbd8s\\Proyectos\\Ingenieria del Software\\sport-hub\\backend\\src\\supabase.js","statementMap":{"0":{"start":{"line":1,"column":25},"end":{"line":1,"column":57}},"1":{"start":{"line":2,"column":0},"end":{"line":2,"column":27}},"2":{"start":{"line":4,"column":21},"end":{"line":4,"column":45}},"3":{"start":{"line":5,"column":26},"end":{"line":5,"column":55}},"4":{"start":{"line":6,"column":34},"end":{"line":6,"column":71}},"5":{"start":{"line":8,"column":0},"end":{"line":10,"column":1}},"6":{"start":{"line":9,"column":2},"end":{"line":9,"column":86}},"7":{"start":{"line":12,"column":17},"end":{"line":14,"column":2}},"8":{"start":{"line":16,"column":22},"end":{"line":20,"column":8}},"9":{"start":{"line":22,"column":0},"end":{"line":22,"column":45}}},"fnMap":{},"branchMap":{"0":{"loc":{"start":{"line":8,"column":0},"end":{"line":10,"column":1}},"type":"if","locations":[{"start":{"line":8,"column":0},"end":{"line":10,"column":1}},{"start":{},"end":{}}],"line":8},"1":{"loc":{"start":{"line":8,"column":4},"end":{"line":8,"column":39}},"type":"binary-expr","locations":[{"start":{"line":8,"column":4},"end":{"line":8,"column":17}},{"start":{"line":8,"column":21},"end":{"line":8,"column":39}}],"line":8},"2":{"loc":{"start":{"line":16,"column":22},"end":{"line":20,"column":8}},"type":"cond-expr","locations":[{"start":{"line":17,"column":4},"end":{"line":19,"column":6}},{"start":{"line":20,"column":4},"end":{"line":20,"column":8}}],"line":16}},"s":{"0":2,"1":2,"2":2,"3":2,"4":2,"5":2,"6":0,"7":2,"8":2,"9":2},"f":{},"b":{"0":[0,2],"1":[2,2],"2":[2,0]},"_coverageSchema":"1a1c01bbd47fc00a2c39e90264f33305004495a9","hash":"71b62f02a9950e4b1de6efbaf9c9cd19a1fa556a"}
,"C:\\Users\\javie_ecnbd8s\\Proyectos\\Ingenieria del Software\\sport-hub\\backend\\src\\validator.js": {"path":"C:\\Users\\javie_ecnbd8s\\Proyectos\\Ingenieria del Software\\sport-hub\\backend\\src\\validator.js","statementMap":{"0":{"start":{"line":2,"column":2},"end":{"line":9,"column":4}},"1":{"start":{"line":3,"column":19},"end":{"line":3,"column":48}},"2":{"start":{"line":4,"column":4},"end":{"line":6,"column":5}},"3":{"start":{"line":5,"column":6},"end":{"line":5,"column":98}},"4":{"start":{"line":7,"column":4},"end":{"line":7,"column":30}},"5":{"start":{"line":8,"column":4},"end":{"line":8,"column":11}},"6":{"start":{"line":12,"column":0},"end":{"line":12,"column":30}}},"fnMap":{"0":{"name":"validate","decl":{"start":{"line":1,"column":9},"end":{"line":1,"column":17}},"loc":{"start":{"line":1,"column":43},"end":{"line":10,"column":1}},"line":1},"1":{"name":"(anonymous_1)","decl":{"start":{"line":2,"column":9},"end":{"line":2,"column":10}},"loc":{"start":{"line":2,"column":29},"end":{"line":9,"column":3}},"line":2}},"branchMap":{"0":{"loc":{"start":{"line":1,"column":26},"end":{"line":1,"column":41}},"type":"default-arg","locations":[{"start":{"line":1,"column":35},"end":{"line":1,"column":41}}],"line":1},"1":{"loc":{"start":{"line":4,"column":4},"end":{"line":6,"column":5}},"type":"if","locations":[{"start":{"line":4,"column":4},"end":{"line":6,"column":5}},{"start":{},"end":{}}],"line":4}},"s":{"0":2,"1":2,"2":2,"3":1,"4":1,"5":1,"6":1},"f":{"0":2,"1":2},"b":{"0":[2],"1":[1,1]},"_coverageSchema":"1a1c01bbd47fc00a2c39e90264f33305004495a9","hash":"f958d7f966f3cbecb292abfeabeb57ad23e07eed"}
,"C:\\Users\\javie_ecnbd8s\\Proyectos\\Ingenieria del Software\\sport-hub\\backend\\utils\\user.js": {"path":"C:\\Users\\javie_ecnbd8s\\Proyectos\\Ingenieria del Software\\sport-hub\\backend\\utils\\user.js","statementMap":{"0":{"start":{"line":3,"column":18},"end":{"line":3,"column":36}},"1":{"start":{"line":4,"column":18},"end":{"line":4,"column":36}},"2":{"start":{"line":5,"column":2},"end":{"line":5,"column":51}},"3":{"start":{"line":11,"column":17},"end":{"line":11,"column":63}},"4":{"start":{"line":13,"column":2},"end":{"line":13,"column":27}},"5":{"start":{"line":13,"column":15},"end":{"line":13,"column":27}},"6":{"start":{"line":16,"column":20},"end":{"line":16,"column":100}},"7":{"start":{"line":17,"column":2},"end":{"line":19,"column":3}},"8":{"start":{"line":18,"column":4},"end":{"line":18,"column":18}},"9":{"start":{"line":21,"column":2},"end":{"line":21,"column":14}},"10":{"start":{"line":24,"column":0},"end":{"line":24,"column":60}}},"fnMap":{"0":{"name":"getRoleFromTokenSafe","decl":{"start":{"line":2,"column":9},"end":{"line":2,"column":29}},"loc":{"start":{"line":2,"column":35},"end":{"line":6,"column":1}},"line":2},"1":{"name":"getUserProfileId","decl":{"start":{"line":9,"column":15},"end":{"line":9,"column":31}},"loc":{"start":{"line":9,"column":37},"end":{"line":22,"column":1}},"line":9}},"branchMap":{"0":{"loc":{"start":{"line":5,"column":9},"end":{"line":5,"column":50}},"type":"binary-expr","locations":[{"start":{"line":5,"column":9},"end":{"line":5,"column":21}},{"start":{"line":5,"column":25},"end":{"line":5,"column":38}},{"start":{"line":5,"column":42},"end":{"line":5,"column":50}}],"line":5},"1":{"loc":{"start":{"line":11,"column":17},"end":{"line":11,"column":63}},"type":"binary-expr","locations":[{"start":{"line":11,"column":17},"end":{"line":11,"column":36}},{"start":{"line":11,"column":40},"end":{"line":11,"column":63}}],"line":11},"2":{"loc":{"start":{"line":13,"column":2},"end":{"line":13,"column":27}},"type":"if","locations":[{"start":{"line":13,"column":2},"end":{"line":13,"column":27}},{"start":{},"end":{}}],"line":13},"3":{"loc":{"start":{"line":17,"column":2},"end":{"line":19,"column":3}},"type":"if","locations":[{"start":{"line":17,"column":2},"end":{"line":19,"column":3}},{"start":{},"end":{}}],"line":17}},"s":{"0":0,"1":0,"2":0,"3":1,"4":1,"5":1,"6":0,"7":0,"8":0,"9":0,"10":1},"f":{"0":0,"1":1},"b":{"0":[0,0,0],"1":[1,1],"2":[1,0],"3":[0,0]},"_coverageSchema":"1a1c01bbd47fc00a2c39e90264f33305004495a9","hash":"712f682f8f5a6ec373e419b6eb627628a06f8f6d"}
}
