TN:
SF:controllers\bookingsController.js
FN:5,availability
FN:18,create
FN:34,list
FN:44,(anonymous_3)
FN:55,cancel
FNF:5
FNH:2
FNDA:0,availability
FNDA:2,create
FNDA:0,list
FNDA:0,(anonymous_3)
FNDA:2,cancel
DA:1,4
DA:2,4
DA:3,4
DA:6,0
DA:7,0
DA:8,0
DA:14,0
DA:15,0
DA:19,2
DA:20,2
DA:21,1
DA:22,1
DA:23,1
DA:24,0
DA:25,0
DA:26,0
DA:27,0
DA:29,0
DA:31,1
DA:35,0
DA:36,0
DA:37,0
DA:38,0
DA:39,0
DA:40,0
DA:41,0
DA:42,0
DA:43,0
DA:44,0
DA:45,0
DA:46,0
DA:47,0
DA:48,0
DA:50,0
DA:51,0
DA:52,0
DA:56,2
DA:57,2
DA:58,1
DA:65,1
DA:66,1
DA:69,4
LF:42
LH:15
BRDA:14,0,0,0
BRDA:14,0,1,0
BRDA:20,1,0,1
BRDA:20,1,1,1
BRDA:23,2,0,0
BRDA:23,2,1,1
BRDA:24,3,0,0
BRDA:24,3,1,0
BRDA:26,4,0,0
BRDA:26,4,1,0
BRDA:26,5,0,0
BRDA:26,5,1,0
BRDA:36,6,0,0
BRDA:36,6,1,0
BRDA:37,7,0,0
BRDA:37,7,1,0
BRDA:39,8,0,0
BRDA:39,8,1,0
BRDA:41,9,0,0
BRDA:41,9,1,0
BRDA:43,10,0,0
BRDA:43,10,1,0
BRDA:44,11,0,0
BRDA:44,11,1,0
BRDA:45,12,0,0
BRDA:45,12,1,0
BRDA:47,13,0,0
BRDA:47,13,1,0
BRDA:51,14,0,0
BRDA:51,14,1,0
BRDA:57,15,0,1
BRDA:57,15,1,1
BRDA:65,16,0,0
BRDA:65,16,1,1
BRF:34
BRH:6
end_of_record
TN:
SF:src\auth.js
FN:5,checkJwt
FN:49,getRoleFromToken
FN:55,requireRole
FN:56,(anonymous_3)
FNF:4
FNH:3
FNDA:0,checkJwt
FNDA:2,getRoleFromToken
FNDA:2,requireRole
FNDA:2,(anonymous_3)
DA:1,1
DA:2,1
DA:6,0
DA:7,0
DA:8,0
DA:9,0
DA:12,0
DA:15,0
DA:17,0
DA:18,0
DA:22,0
DA:31,0
DA:37,0
DA:38,0
DA:39,0
DA:42,0
DA:44,0
DA:50,2
DA:51,2
DA:56,2
DA:57,2
DA:58,2
DA:59,1
DA:61,1
DA:65,1
LF:25
LH:10
BRDA:8,0,0,0
BRDA:8,0,1,0
BRDA:8,1,0,0
BRDA:8,1,1,0
BRDA:17,2,0,0
BRDA:17,2,1,0
BRDA:17,3,0,0
BRDA:17,3,1,0
BRDA:37,4,0,0
BRDA:37,4,1,0
BRDA:50,5,0,2
BRDA:50,5,1,0
BRDA:51,6,0,2
BRDA:51,6,1,0
BRDA:58,7,0,1
BRDA:58,7,1,1
BRF:16
BRH:4
end_of_record
TN:
SF:src\supabase.js
FNF:0
FNH:0
DA:1,2
DA:2,2
DA:4,2
DA:5,2
DA:6,2
DA:8,2
DA:9,0
DA:12,2
DA:16,2
DA:20,2
LF:10
LH:9
BRDA:8,0,0,0
BRDA:8,0,1,2
BRDA:8,1,0,2
BRDA:8,1,1,2
BRDA:16,2,0,2
BRDA:16,2,1,0
BRF:6
BRH:4
end_of_record
TN:
SF:src\validator.js
FN:1,validate
FN:2,(anonymous_1)
FNF:2
FNH:2
FNDA:2,validate
FNDA:2,(anonymous_1)
DA:2,2
DA:3,2
DA:4,2
DA:5,1
DA:7,1
DA:8,1
DA:12,1
LF:7
LH:7
BRDA:1,0,0,2
BRDA:4,1,0,1
BRDA:4,1,1,1
BRF:3
BRH:3
end_of_record
TN:
SF:utils\user.js
FN:2,getRoleFromTokenSafe
FN:9,getUserProfileId
FNF:2
FNH:1
FNDA:0,getRoleFromTokenSafe
FNDA:1,getUserProfileId
DA:3,0
DA:4,0
DA:5,0
DA:11,1
DA:13,1
DA:16,0
DA:17,0
DA:18,0
DA:21,0
DA:24,1
LF:10
LH:3
BRDA:5,0,0,0
BRDA:5,0,1,0
BRDA:5,0,2,0
BRDA:11,1,0,1
BRDA:11,1,1,1
BRDA:13,2,0,1
BRDA:13,2,1,0
BRDA:17,3,0,0
BRDA:17,3,1,0
BRF:9
BRH:3
end_of_record
