TN:
SF:controllers\bookingsController.js
FN:5,availability
FN:18,create
FN:71,list
FN:81,(anonymous_3)
FN:92,cancel
FNF:5
FNH:2
FNDA:0,availability
FNDA:2,create
FNDA:0,list
FNDA:0,(anonymous_3)
FNDA:2,cancel
DA:1,4
DA:2,4
DA:3,4
DA:6,0
DA:7,0
DA:8,0
DA:14,0
DA:15,0
DA:19,2
DA:20,2
DA:22,1
DA:24,1
DA:26,1
DA:32,0
DA:33,0
DA:37,0
DA:38,0
DA:39,0
DA:41,0
DA:42,0
DA:46,0
DA:48,0
DA:55,0
DA:56,0
DA:57,0
DA:58,0
DA:59,0
DA:60,0
DA:62,0
DA:64,0
DA:66,1
DA:67,1
DA:72,0
DA:73,0
DA:74,0
DA:75,0
DA:76,0
DA:77,0
DA:78,0
DA:79,0
DA:80,0
DA:81,0
DA:82,0
DA:83,0
DA:84,0
DA:85,0
DA:87,0
DA:88,0
DA:89,0
DA:93,2
DA:94,2
DA:95,1
DA:102,1
DA:103,1
DA:106,4
LF:55
LH:16
BRDA:14,0,0,0
BRDA:14,0,1,0
BRDA:20,1,0,1
BRDA:20,1,1,1
BRDA:32,2,0,0
BRDA:32,2,1,0
BRDA:32,3,0,0
BRDA:32,3,1,0
BRDA:41,4,0,0
BRDA:41,4,1,0
BRDA:56,5,0,0
BRDA:56,5,1,0
BRDA:57,6,0,0
BRDA:57,6,1,0
BRDA:59,7,0,0
BRDA:59,7,1,0
BRDA:59,8,0,0
BRDA:59,8,1,0
BRDA:73,9,0,0
BRDA:73,9,1,0
BRDA:74,10,0,0
BRDA:74,10,1,0
BRDA:76,11,0,0
BRDA:76,11,1,0
BRDA:78,12,0,0
BRDA:78,12,1,0
BRDA:80,13,0,0
BRDA:80,13,1,0
BRDA:81,14,0,0
BRDA:81,14,1,0
BRDA:82,15,0,0
BRDA:82,15,1,0
BRDA:84,16,0,0
BRDA:84,16,1,0
BRDA:88,17,0,0
BRDA:88,17,1,0
BRDA:94,18,0,1
BRDA:94,18,1,1
BRDA:102,19,0,0
BRDA:102,19,1,1
BRF:40
BRH:5
end_of_record
TN:
SF:src\auth.js
FN:5,checkJwt
FN:62,getRoleFromToken
FN:68,requireRole
FN:69,(anonymous_3)
FNF:4
FNH:3
FNDA:0,checkJwt
FNDA:2,getRoleFromToken
FNDA:2,requireRole
FNDA:2,(anonymous_3)
DA:1,1
DA:2,1
DA:6,0
DA:7,0
DA:8,0
DA:9,0
DA:10,0
DA:12,0
DA:13,0
DA:14,0
DA:17,0
DA:18,0
DA:21,0
DA:23,0
DA:24,0
DA:25,0
DA:28,0
DA:31,0
DA:40,0
DA:46,0
DA:47,0
DA:48,0
DA:49,0
DA:51,0
DA:54,0
DA:56,0
DA:57,0
DA:63,2
DA:64,2
DA:69,2
DA:70,2
DA:71,2
DA:73,2
DA:74,1
DA:75,1
DA:78,1
DA:79,1
DA:83,1
LF:38
LH:13
BRDA:12,0,0,0
BRDA:12,0,1,0
BRDA:12,1,0,0
BRDA:12,1,1,0
BRDA:23,2,0,0
BRDA:23,2,1,0
BRDA:23,3,0,0
BRDA:23,3,1,0
BRDA:46,4,0,0
BRDA:46,4,1,0
BRDA:63,5,0,2
BRDA:63,5,1,0
BRDA:64,6,0,2
BRDA:64,6,1,0
BRDA:73,7,0,1
BRDA:73,7,1,1
BRF:16
BRH:4
end_of_record
TN:
SF:src\supabase.js
FNF:0
FNH:0
DA:1,2
DA:2,2
DA:4,2
DA:5,2
DA:6,2
DA:8,2
DA:9,0
DA:12,2
DA:16,2
DA:22,2
LF:10
LH:9
BRDA:8,0,0,0
BRDA:8,0,1,2
BRDA:8,1,0,2
BRDA:8,1,1,2
BRDA:16,2,0,2
BRDA:16,2,1,0
BRF:6
BRH:4
end_of_record
TN:
SF:src\validator.js
FN:1,validate
FN:2,(anonymous_1)
FNF:2
FNH:2
FNDA:2,validate
FNDA:2,(anonymous_1)
DA:2,2
DA:3,2
DA:4,2
DA:5,1
DA:7,1
DA:8,1
DA:12,1
LF:7
LH:7
BRDA:1,0,0,2
BRDA:4,1,0,1
BRDA:4,1,1,1
BRF:3
BRH:3
end_of_record
TN:
SF:utils\user.js
FN:2,getRoleFromTokenSafe
FN:9,getUserProfileId
FNF:2
FNH:1
FNDA:0,getRoleFromTokenSafe
FNDA:1,getUserProfileId
DA:3,0
DA:4,0
DA:5,0
DA:11,1
DA:13,1
DA:16,0
DA:17,0
DA:18,0
DA:21,0
DA:24,1
LF:10
LH:3
BRDA:5,0,0,0
BRDA:5,0,1,0
BRDA:5,0,2,0
BRDA:11,1,0,1
BRDA:11,1,1,1
BRDA:13,2,0,1
BRDA:13,2,1,0
BRDA:17,3,0,0
BRDA:17,3,1,0
BRF:9
BRH:3
end_of_record
